<?xml version="1.0" encoding="UTF-8"?>
<testng-results ignored="0" total="1" passed="0" failed="1" skipped="0">
  <reporter-output>
  </reporter-output>
  <suite started-at="2024-05-27T16:53:31 IST" name="Default suite" finished-at="2024-05-27T16:53:31 IST" duration-ms="47">
    <groups>
    </groups>
    <test started-at="2024-05-27T16:53:31 IST" name="Default test" finished-at="2024-05-27T16:53:31 IST" duration-ms="47">
      <class name="reports.LearningExtentReport">
        <test-method signature="script()[pri:0, instance:reports.LearningExtentReport@4f209819]" started-at="2024-05-27T16:53:31 IST" name="script" finished-at="2024-05-27T16:53:31 IST" duration-ms="11" status="FAIL">
          <exception class="java.lang.Error">
            <message>
              <![CDATA[Unresolved compilation problems: 
ExtentReports cannot be resolved to a type
ExtentReports cannot be resolved to a type
ExtentSparkReporter cannot be resolved to a type
ExtentSparkReporter cannot be resolved to a type
ExtentTest cannot be resolved to a type
Status cannot be resolved to a variable
Status cannot be resolved to a variable
Status cannot be resolved to a variable
Status cannot be resolved to a variable
Status cannot be resolved to a variable
Status cannot be resolved to a variable
Status cannot be resolved to a variable
MediaEntityBuilder cannot be resolved
MediaEntityBuilder cannot be resolved
]]>
            </message>
            <full-stacktrace>
              <![CDATA[java.lang.Error: Unresolved compilation problems: 
ExtentReports cannot be resolved to a type
ExtentReports cannot be resolved to a type
ExtentSparkReporter cannot be resolved to a type
ExtentSparkReporter cannot be resolved to a type
ExtentTest cannot be resolved to a type
Status cannot be resolved to a variable
Status cannot be resolved to a variable
Status cannot be resolved to a variable
Status cannot be resolved to a variable
Status cannot be resolved to a variable
Status cannot be resolved to a variable
Status cannot be resolved to a variable
MediaEntityBuilder cannot be resolved
MediaEntityBuilder cannot be resolved

at reports.LearningExtentReport.script(LearningExtentReport.java:23)
at java.base/jdk.internal.reflect.DirectMethodHandleAccessor.invoke(DirectMethodHandleAccessor.java:104)
at java.base/java.lang.reflect.Method.invoke(Method.java:578)
at org.testng.internal.MethodInvocationHelper.invokeMethod(MethodInvocationHelper.java:132)
at org.testng.internal.TestInvoker.invokeMethod(TestInvoker.java:599)
at org.testng.internal.TestInvoker.invokeTestMethod(TestInvoker.java:174)
at org.testng.internal.MethodRunner.runInSequence(MethodRunner.java:46)
at org.testng.internal.TestInvoker$MethodInvocationAgent.invoke(TestInvoker.java:822)
at org.testng.internal.TestInvoker.invokeTestMethods(TestInvoker.java:147)
at org.testng.internal.TestMethodWorker.invokeTestMethods(TestMethodWorker.java:146)
at org.testng.internal.TestMethodWorker.run(TestMethodWorker.java:128)
at java.base/java.util.ArrayList.forEach(ArrayList.java:1511)
at org.testng.TestRunner.privateRun(TestRunner.java:764)
at org.testng.TestRunner.run(TestRunner.java:585)
at org.testng.SuiteRunner.runTest(SuiteRunner.java:384)
at org.testng.SuiteRunner.runSequentially(SuiteRunner.java:378)
at org.testng.SuiteRunner.privateRun(SuiteRunner.java:337)
at org.testng.SuiteRunner.run(SuiteRunner.java:286)
at org.testng.SuiteRunnerWorker.runSuite(SuiteRunnerWorker.java:53)
at org.testng.SuiteRunnerWorker.run(SuiteRunnerWorker.java:96)
at org.testng.TestNG.runSuitesSequentially(TestNG.java:1218)
at org.testng.TestNG.runSuitesLocally(TestNG.java:1140)
at org.testng.TestNG.runSuites(TestNG.java:1069)
at org.testng.TestNG.run(TestNG.java:1037)
at org.testng.remote.AbstractRemoteTestNG.run(AbstractRemoteTestNG.java:115)
at org.testng.remote.RemoteTestNG.initAndRun(RemoteTestNG.java:293)
at org.testng.remote.RemoteTestNG.main(RemoteTestNG.java:91)
]]>
            </full-stacktrace>
          </exception> <!-- java.lang.Error -->
          <reporter-output>
          </reporter-output>
        </test-method> <!-- script -->
      </class> <!-- reports.LearningExtentReport -->
    </test> <!-- Default test -->
  </suite> <!-- Default suite -->
</testng-results>
