<?xml version="1.0" encoding="UTF-8"?>
<!-- Generated by org.testng.reporters.JUnitXMLReporter -->
<testsuite ignored="0" hostname="Devi" failures="1" tests="1" name="Default test" time="0.047" errors="0" timestamp="2024-05-27T16:53:31 IST">
  <testcase classname="reports.LearningExtentReport" name="script" time="0.011">
    <failure type="java.lang.Error" message="Unresolved compilation problems: 
	ExtentReports cannot be resolved to a type
	ExtentReports cannot be resolved to a type
	ExtentSparkReporter cannot be resolved to a type
	ExtentSparkReporter cannot be resolved to a type
	ExtentTest cannot be resolved to a type
	Status cannot be resolved to a variable
	Status cannot be resolved to a variable
	Status cannot be resolved to a variable
	Status cannot be resolved to a variable
	Status cannot be resolved to a variable
	Status cannot be resolved to a variable
	Status cannot be resolved to a variable
	MediaEntityBuilder cannot be resolved
	MediaEntityBuilder cannot be resolved
">
      <![CDATA[java.lang.Error: Unresolved compilation problems: 
ExtentReports cannot be resolved to a type
ExtentReports cannot be resolved to a type
ExtentSparkReporter cannot be resolved to a type
ExtentSparkReporter cannot be resolved to a type
ExtentTest cannot be resolved to a type
Status cannot be resolved to a variable
Status cannot be resolved to a variable
Status cannot be resolved to a variable
Status cannot be resolved to a variable
Status cannot be resolved to a variable
Status cannot be resolved to a variable
Status cannot be resolved to a variable
MediaEntityBuilder cannot be resolved
MediaEntityBuilder cannot be resolved

at reports.LearningExtentReport.script(LearningExtentReport.java:23)
at java.base/jdk.internal.reflect.DirectMethodHandleAccessor.invoke(DirectMethodHandleAccessor.java:104)
at java.base/java.lang.reflect.Method.invoke(Method.java:578)
at org.testng.internal.MethodInvocationHelper.invokeMethod(MethodInvocationHelper.java:132)
at org.testng.internal.TestInvoker.invokeMethod(TestInvoker.java:599)
at org.testng.internal.TestInvoker.invokeTestMethod(TestInvoker.java:174)
at org.testng.internal.MethodRunner.runInSequence(MethodRunner.java:46)
at org.testng.internal.TestInvoker$MethodInvocationAgent.invoke(TestInvoker.java:822)
at org.testng.internal.TestInvoker.invokeTestMethods(TestInvoker.java:147)
at org.testng.internal.TestMethodWorker.invokeTestMethods(TestMethodWorker.java:146)
at org.testng.internal.TestMethodWorker.run(TestMethodWorker.java:128)
at java.base/java.util.ArrayList.forEach(ArrayList.java:1511)
at org.testng.TestRunner.privateRun(TestRunner.java:764)
at org.testng.TestRunner.run(TestRunner.java:585)
at org.testng.SuiteRunner.runTest(SuiteRunner.java:384)
at org.testng.SuiteRunner.runSequentially(SuiteRunner.java:378)
at org.testng.SuiteRunner.privateRun(SuiteRunner.java:337)
at org.testng.SuiteRunner.run(SuiteRunner.java:286)
at org.testng.SuiteRunnerWorker.runSuite(SuiteRunnerWorker.java:53)
at org.testng.SuiteRunnerWorker.run(SuiteRunnerWorker.java:96)
at org.testng.TestNG.runSuitesSequentially(TestNG.java:1218)
at org.testng.TestNG.runSuitesLocally(TestNG.java:1140)
at org.testng.TestNG.runSuites(TestNG.java:1069)
at org.testng.TestNG.run(TestNG.java:1037)
at org.testng.remote.AbstractRemoteTestNG.run(AbstractRemoteTestNG.java:115)
at org.testng.remote.RemoteTestNG.initAndRun(RemoteTestNG.java:293)
at org.testng.remote.RemoteTestNG.main(RemoteTestNG.java:91)
]]>
    </failure>
  </testcase> <!-- script -->
</testsuite> <!-- Default test -->
